[+] Containers:
 |- [+] Container: /Game/FirstPerson/Maps/FirstPersonMap
 |   |- [+] ActorDescs:
 |   |   |- Guid:05E2387C41BA088BA9A4338B481E7107 BaseClass: NativeClass:/Script/Engine.StaticMeshActor Name:StaticMeshActor_UAID_E89C2591DE8C523102_1530060751 Label:Box16 SpatiallyLoaded:1 Bounds:IsValid=true, Min=(X=819.500 Y=1060.000 Z=0.000), Max=(X=820.500 Y=1460.000 Z=400.000) RuntimeGrid:None EditorOnly:0 RuntimeOnly:0 HLODRelevant:1 ListedInSceneOutliner:1 IsMainWorldOnly:0
 |   |   |- Guid:0B414F3545D5AB0D61955390D0F154E3 BaseClass: NativeClass:/Script/Engine.StaticMeshActor Name:StaticMeshActor_UAID_E89C2591DE8C523102_1530069757 Label:Box22 SpatiallyLoaded:1 Bounds:IsValid=true, Min=(X=820.000 Y=1382.500 Z=397.500), Max=(X=1220.000 Y=1457.500 Z=402.500) RuntimeGrid:None EditorOnly:0 RuntimeOnly:0 HLODRelevant:1 ListedInSceneOutliner:1 IsMainWorldOnly:0
 |   |   |- Guid:0F179A604BEDDF21B638839A7BD823C6 BaseClass: NativeClass:/Script/Engine.PointLight Name:PointLight_UAID_E89C2591DE8C513102_2078026527 Label:PointLight SpatiallyLoaded:1 Bounds:IsValid=true, Min=(X=134.417 Y=59.312 Z=-777.591), Max=(X=2134.417 Y=2059.312 Z=1222.409) RuntimeGrid:None EditorOnly:0 RuntimeOnly:0 HLODRelevant:0 ListedInSceneOutliner:1 IsMainWorldOnly:0
 |   |   |- Guid:1D0FD4DA4DF0A2A37C00449ACD8F3E9C BaseClass: NativeClass:/Script/Engine.StaticMeshActor Name:StaticMeshActor_UAID_E89C2591DE8C503102_2052636325 Label:Box4 SpatiallyLoaded:1 Bounds:IsValid=true, Min=(X=820.000 Y=660.000 Z=400.000), Max=(X=1220.000 Y=1060.000 Z=401.000) RuntimeGrid:None EditorOnly:0 RuntimeOnly:0 HLODRelevant:1 ListedInSceneOutliner:1 IsMainWorldOnly:0
 |   |   |- Guid:21EA28C2475C5662825826A33ABC9C09 BaseClass: NativeClass:/Script/Engine.StaticMeshActor Name:StaticMeshActor_UAID_E89C2591DE8C523102_1530071759 Label:Box24 SpatiallyLoaded:1 Bounds:IsValid=true, Min=(X=820.000 Y=1142.500 Z=397.500), Max=(X=1220.000 Y=1217.500 Z=402.500) RuntimeGrid:None EditorOnly:0 RuntimeOnly:0 HLODRelevant:1 ListedInSceneOutliner:1 IsMainWorldOnly:0
 |   |   |- Guid:32BF5D23441251BAB7B8FD82965CB1D8 BaseClass: NativeClass:/Script/Engine.StaticMeshActor Name:StaticMeshActor_UAID_E89C2591DE8C513102_1699002519 Label:Box7 SpatiallyLoaded:1 Bounds:IsValid=true, Min=(X=820.000 Y=902.500 Z=397.500), Max=(X=1220.000 Y=977.500 Z=402.500) RuntimeGrid:None EditorOnly:0 RuntimeOnly:0 HLODRelevant:1 ListedInSceneOutliner:1 IsMainWorldOnly:0
 |   |   |- Guid:361C6D8A4B90FBAA00067CA4D06928CE BaseClass: NativeClass:/Script/Engine.PointLight Name:PointLight_UAID_E89C2591DE8C523102_1530077763 Label:PointLight4 SpatiallyLoaded:1 Bounds:IsValid=true, Min=(X=-97.385 Y=460.688 Z=-777.591), Max=(X=1902.615 Y=2460.688 Z=1222.409) RuntimeGrid:None EditorOnly:0 RuntimeOnly:0 HLODRelevant:0 ListedInSceneOutliner:1 IsMainWorldOnly:0
 |   |   |- Guid:3BC54F4A41759A326901DB9F6D9938BF BaseClass: NativeClass:/Script/Engine.StaticMeshActor Name:StaticMeshActor_UAID_E89C2591DE8C513102_1102452508 Label:Box9 SpatiallyLoaded:1 Bounds:IsValid=true, Min=(X=1161.250 Y=1041.250 Z=0.000), Max=(X=1198.750 Y=1078.750 Z=400.000) RuntimeGrid:None EditorOnly:0 RuntimeOnly:0 HLODRelevant:1 ListedInSceneOutliner:1 IsMainWorldOnly:0
 |   |   |- Guid:46A4916343A00BE0E0549AB51F32BBA7 BaseClass: NativeClass:/Script/Engine.StaticMeshActor Name:StaticMeshActor_UAID_E89C2591DE8C523102_1530062752 Label:Box17 SpatiallyLoaded:1 Bounds:IsValid=true, Min=(X=820.000 Y=1060.000 Z=400.000), Max=(X=1220.000 Y=1460.000 Z=401.000) RuntimeGrid:None EditorOnly:0 RuntimeOnly:0 HLODRelevant:1 ListedInSceneOutliner:1 IsMainWorldOnly:0
 |   |   |- Guid:4C2885484420B85E755474A456540492 BaseClass: NativeClass:/Script/Engine.StaticMeshActor Name:StaticMeshActor_UAID_E89C2591DE8C523102_1530066755 Label:Box20 SpatiallyLoaded:1 Bounds:IsValid=true, Min=(X=820.000 Y=1222.500 Z=397.500), Max=(X=1220.000 Y=1297.500 Z=402.500) RuntimeGrid:None EditorOnly:0 RuntimeOnly:0 HLODRelevant:1 ListedInSceneOutliner:1 IsMainWorldOnly:0
 |   |   |- Guid:503301344EDD2580C9B8269BA1FF0C83 BaseClass: NativeClass:/Script/Engine.StaticMeshActor Name:StaticMeshActor_29 Label:SM_ChamferCube4 SpatiallyLoaded:1 Bounds:IsValid=true, Min=(X=334.338 Y=334.338 Z=0.063), Max=(X=545.662 Y=545.662 Z=150.063) RuntimeGrid:None EditorOnly:0 RuntimeOnly:0 HLODRelevant:0 ListedInSceneOutliner:1 IsMainWorldOnly:0 FolderPath:SimulatedCubes FolderGuid:9AEEADCB4DC6C647D6E7C0B4EDA1744F
 |   |   |- Guid:571DE1AB4FA974026EDFEA805C92E951 BaseClass: NativeClass:/Script/Engine.StaticMeshActor Name:StaticMeshActor_UAID_E89C2591DE8C513102_1278458510 Label:Box10 SpatiallyLoaded:1 Bounds:IsValid=true, Min=(X=841.250 Y=1041.250 Z=0.000), Max=(X=878.750 Y=1078.750 Z=400.000) RuntimeGrid:None EditorOnly:0 RuntimeOnly:0 HLODRelevant:1 ListedInSceneOutliner:1 IsMainWorldOnly:0
 |   |   |- Guid:5841E09E45C00768F237FEB5DEACBF94 BaseClass: NativeClass:/Script/Engine.PointLight Name:PointLight_UAID_E89C2591DE8C523102_1530074761 Label:PointLight3 SpatiallyLoaded:1 Bounds:IsValid=true, Min=(X=134.417 Y=459.312 Z=-777.591), Max=(X=2134.417 Y=2459.312 Z=1222.409) RuntimeGrid:None EditorOnly:0 RuntimeOnly:0 HLODRelevant:0 ListedInSceneOutliner:1 IsMainWorldOnly:0
 |   |   |- Guid:5FE7584649BB6F09265329A6C57CFD0D BaseClass: NativeClass:/Script/Engine.VolumetricCloud Name:VolumetricCloud_0 Label:VolumetricCloud SpatiallyLoaded:0 Bounds:IsValid=true, Min=(X=0.000 Y=0.000 Z=820.000), Max=(X=0.000 Y=0.000 Z=820.000) RuntimeGrid:None EditorOnly:0 RuntimeOnly:0 HLODRelevant:0 ListedInSceneOutliner:1 IsMainWorldOnly:0 FolderPath:Lighting FolderGuid:0BA5F0A04EADB18E70D5B180D08FA34B
 |   |   |- Guid:6024E9F642E31FC991ED6195A02592B4 BaseClass: NativeClass:/Script/Engine.StaticMeshActor Name:StaticMeshActor_UAID_E89C2591DE8C513102_1724697520 Label:Box8 SpatiallyLoaded:1 Bounds:IsValid=true, Min=(X=820.000 Y=982.500 Z=397.500), Max=(X=1220.000 Y=1057.500 Z=402.500) RuntimeGrid:None EditorOnly:0 RuntimeOnly:0 HLODRelevant:1 ListedInSceneOutliner:1 IsMainWorldOnly:0
 |   |   |- Guid:61391D344900612A77DFC3BA3E354907 BaseClass: NativeClass:/Script/Engine.ExponentialHeightFog Name:ExponentialHeightFog_0 Label:ExponentialHeightFog SpatiallyLoaded:0 Bounds:IsValid=true, Min=(X=-5600.000 Y=-50.000 Z=-6850.000), Max=(X=-5600.000 Y=-50.000 Z=-6850.000) RuntimeGrid:None EditorOnly:0 RuntimeOnly:0 HLODRelevant:0 ListedInSceneOutliner:1 IsMainWorldOnly:0 FolderPath:Lighting FolderGuid:0BA5F0A04EADB18E70D5B180D08FA34B
 |   |   |- Guid:62DCE8754032DA8AD0E6E6899D98D86E BaseClass: NativeClass:/Script/Engine.StaticMeshActor Name:StaticMeshActor_UAID_E89C2591DE8C523102_1530070758 Label:Box23 SpatiallyLoaded:1 Bounds:IsValid=true, Min=(X=820.000 Y=1062.500 Z=397.500), Max=(X=1220.000 Y=1137.500 Z=402.500) RuntimeGrid:None EditorOnly:0 RuntimeOnly:0 HLODRelevant:1 ListedInSceneOutliner:1 IsMainWorldOnly:0
 |   |   |- Guid:6BA36B324543EFF24A54B5B3F1B0EE59 BaseClass: NativeClass:/Script/Engine.PointLight Name:PointLight_UAID_E89C2591DE8C523102_1212618745 Label:PointLight2 SpatiallyLoaded:1 Bounds:IsValid=true, Min=(X=-97.385 Y=60.688 Z=-777.591), Max=(X=1902.615 Y=2060.688 Z=1222.409) RuntimeGrid:None EditorOnly:0 RuntimeOnly:0 HLODRelevant:0 ListedInSceneOutliner:1 IsMainWorldOnly:0
 |   |   |- Guid:6D0B8E4941A3134DB35190B95AA31615 BaseClass: NativeClass:/Script/GeometryFramework.DynamicMeshActor Name:DynamicMeshActor_UAID_E89C2591DE8C513102_1958802526 Label:Cylinder SpatiallyLoaded:1 Bounds:IsValid=true, Min=(X=1180.458 Y=855.000 Z=136.786), Max=(X=1220.258 Y=865.000 Z=181.516) RuntimeGrid:None EditorOnly:0 RuntimeOnly:0 HLODRelevant:0 ListedInSceneOutliner:1 IsMainWorldOnly:0
 |   |   |- Guid:6FEFB3BD4EB37B849EF0D4AC80F83855 BaseClass: NativeClass:/Script/Engine.WorldDataLayers Name:WorldDataLayers Label:WorldDataLayers SpatiallyLoaded:0 Bounds:IsValid=true, Min=(X=0.000 Y=0.000 Z=0.000), Max=(X=0.000 Y=0.000 Z=0.000) RuntimeGrid:None EditorOnly:0 RuntimeOnly:0 HLODRelevant:0 ListedInSceneOutliner:1 IsMainWorldOnly:1
 |   |   |- Guid:7375522A47F656D3A32947BE30618FA6 BaseClass: NativeClass:/Script/Engine.StaticMeshActor Name:StaticMeshActor_UAID_E89C2591DE8C503102_1835259321 Label:Box2 SpatiallyLoaded:1 Bounds:IsValid=true, Min=(X=820.000 Y=660.000 Z=0.000), Max=(X=1220.000 Y=1060.000 Z=1.000) RuntimeGrid:None EditorOnly:0 RuntimeOnly:0 HLODRelevant:1 ListedInSceneOutliner:1 IsMainWorldOnly:0
 |   |   |- Guid:78CAF7514C7533F30BD2F19A017AAB65 BaseClass: NativeClass:/Script/Engine.StaticMeshActor Name:StaticMeshActor_0 Label:SM_Cube SpatiallyLoaded:1 Bounds:IsValid=true, Min=(X=0.000 Y=0.000 Z=-50.000), Max=(X=3000.000 Y=3500.000 Z=0.000) RuntimeGrid:None EditorOnly:0 RuntimeOnly:0 HLODRelevant:1 ListedInSceneOutliner:1 IsMainWorldOnly:0 FolderPath:Playground FolderGuid:6C02BB504B69D1F3D7A624B130C18E5B
 |   |   |- Guid:7A6F17E547A29676D2DF49A7B51D768E BaseClass: NativeClass:/Script/Engine.StaticMeshActor Name:StaticMeshActor_UAID_E89C2591DE8C523102_1530067756 Label:Box21 SpatiallyLoaded:1 Bounds:IsValid=true, Min=(X=820.000 Y=1302.500 Z=397.500), Max=(X=1220.000 Y=1377.500 Z=402.500) RuntimeGrid:None EditorOnly:0 RuntimeOnly:0 HLODRelevant:1 ListedInSceneOutliner:1 IsMainWorldOnly:0
 |   |   |- Guid:835A756445FD6F9560E1D6AD7C3657B4 BaseClass: NativeClass:/Script/Engine.StaticMeshActor Name:StaticMeshActor_UAID_E89C2591DE8C523102_1530059750 Label:Box15 SpatiallyLoaded:1 Bounds:IsValid=true, Min=(X=1219.500 Y=1060.000 Z=0.000), Max=(X=1220.500 Y=1460.000 Z=400.000) RuntimeGrid:None EditorOnly:0 RuntimeOnly:0 HLODRelevant:1 ListedInSceneOutliner:1 IsMainWorldOnly:0
 |   |   |- Guid:8681B40B465520BD18B0B3A61E596688 BaseClass: NativeClass:/Script/Engine.StaticMeshActor Name:StaticMeshActor_UAID_E89C2591DE8C523102_1530063753 Label:Box18 SpatiallyLoaded:1 Bounds:IsValid=true, Min=(X=1161.250 Y=1441.250 Z=0.000), Max=(X=1198.750 Y=1478.750 Z=400.000) RuntimeGrid:None EditorOnly:0 RuntimeOnly:0 HLODRelevant:1 ListedInSceneOutliner:1 IsMainWorldOnly:0
 |   |   |- Guid:8B44C2264DADD3E7D49EBAB237B6CAC4 BaseClass: NativeClass:/Script/GeometryFramework.DynamicMeshActor Name:DynamicMeshActor_UAID_E89C2591DE8C523102_1530078764 Label:Cylinder5 SpatiallyLoaded:1 Bounds:IsValid=true, Min=(X=866.274 Y=1455.000 Z=167.500), Max=(X=899.934 Y=1465.000 Z=215.801) RuntimeGrid:None EditorOnly:0 RuntimeOnly:0 HLODRelevant:0 ListedInSceneOutliner:1 IsMainWorldOnly:0
 |   |   |- Guid:8B7126384B82FF0203BBD88C7C2351D2 BaseClass: NativeClass:/Script/GeometryFramework.DynamicMeshActor Name:DynamicMeshActor_UAID_E89C2591DE8C523102_1212620746 Label:Cylinder3 SpatiallyLoaded:1 Bounds:IsValid=true, Min=(X=866.274 Y=1055.000 Z=167.500), Max=(X=899.934 Y=1065.000 Z=215.801) RuntimeGrid:None EditorOnly:0 RuntimeOnly:0 HLODRelevant:0 ListedInSceneOutliner:1 IsMainWorldOnly:0
 |   |   |- Guid:966C816A48087D4A9D6D7FAFC55BBC3D BaseClass: NativeClass:/Script/Engine.StaticMeshActor Name:StaticMeshActor_UAID_E89C2591DE8C503102_2043085323 Label:Box SpatiallyLoaded:1 Bounds:IsValid=true, Min=(X=1219.500 Y=660.000 Z=0.000), Max=(X=1220.500 Y=1060.000 Z=400.000) RuntimeGrid:None EditorOnly:0 RuntimeOnly:0 HLODRelevant:1 ListedInSceneOutliner:1 IsMainWorldOnly:0
 |   |   |- Guid:9DC26D5A46E0EA9275BBCF8DB95D5001 BaseClass: NativeClass:/Script/Engine.StaticMeshActor Name:StaticMeshActor_UAID_E89C2591DE8C523102_1530072760 Label:Box25 SpatiallyLoaded:1 Bounds:IsValid=true, Min=(X=837.500 Y=1441.250 Z=351.250), Max=(X=1200.000 Y=1478.750 Z=388.750) RuntimeGrid:None EditorOnly:0 RuntimeOnly:0 HLODRelevant:1 ListedInSceneOutliner:1 IsMainWorldOnly:0
 |   |   |- Guid:A354B1B24E617A525DC6B48CCDE2417E BaseClass: NativeClass:/Script/Engine.PlayerStart Name:PlayerStart_0 Label:PlayerStart SpatiallyLoaded:0 Bounds:IsValid=true, Min=(X=980.000 Y=810.000 Z=0.013), Max=(X=1060.000 Y=890.000 Z=184.013) RuntimeGrid:None EditorOnly:0 RuntimeOnly:0 HLODRelevant:0 ListedInSceneOutliner:1 IsMainWorldOnly:0
 |   |   |- Guid:A37903254DA5E5C6101748955F3ECE98 BaseClass: NativeClass:/Script/GeometryFramework.DynamicMeshActor Name:DynamicMeshActor_UAID_E89C2591DE8C523102_1530075762 Label:Cylinder4 SpatiallyLoaded:1 Bounds:IsValid=true, Min=(X=1137.098 Y=1455.000 Z=167.500), Max=(X=1170.758 Y=1465.000 Z=215.801) RuntimeGrid:None EditorOnly:0 RuntimeOnly:0 HLODRelevant:0 ListedInSceneOutliner:1 IsMainWorldOnly:0
 |   |   |- Guid:A52FAFB245684504DA7FDE9FFBFE7146 BaseClass: NativeClass:/Script/Engine.StaticMeshActor Name:StaticMeshActor_UAID_E89C2591DE8C513102_1514886512 Label:Box6 SpatiallyLoaded:1 Bounds:IsValid=true, Min=(X=820.000 Y=822.500 Z=397.500), Max=(X=1220.000 Y=897.500 Z=402.500) RuntimeGrid:None EditorOnly:0 RuntimeOnly:0 HLODRelevant:1 ListedInSceneOutliner:1 IsMainWorldOnly:0
 |   |   |- Guid:B9BEA1A04051BF237327BBA1688B967B BaseClass: NativeClass:/Script/Engine.StaticMeshActor Name:StaticMeshActor_UAID_E89C2591DE8C513102_1731136522 Label:Box12 SpatiallyLoaded:1 Bounds:IsValid=true, Min=(X=820.000 Y=742.500 Z=397.500), Max=(X=1220.000 Y=817.500 Z=402.500) RuntimeGrid:None EditorOnly:0 RuntimeOnly:0 HLODRelevant:1 ListedInSceneOutliner:1 IsMainWorldOnly:0
 |   |   |- Guid:C0C56B9644AE3D40CAFF6A878DB29844 BaseClass: NativeClass:/Script/Engine.StaticMeshActor Name:StaticMeshActor_UAID_A4AE111137DC5EFB00_2001720423 Label:SM_SkySphere SpatiallyLoaded:0 Bounds:IsValid=true, Min=(X=-1638400.000 Y=-1638400.000 Z=-1638400.000), Max=(X=1638400.000 Y=1638400.000 Z=1638400.000) RuntimeGrid:None EditorOnly:0 RuntimeOnly:0 HLODRelevant:1 ListedInSceneOutliner:1 IsMainWorldOnly:0 FolderPath:Lighting FolderGuid:0BA5F0A04EADB18E70D5B180D08FA34B
 |   |   |- Guid:C1688C094447563C6F3798867B3CB1B0 BaseClass: NativeClass:/Script/Engine.StaticMeshActor Name:StaticMeshActor_UAID_E89C2591DE8C523102_1530056748 Label:Box14 SpatiallyLoaded:1 Bounds:IsValid=true, Min=(X=820.000 Y=1060.000 Z=0.000), Max=(X=1220.000 Y=1460.000 Z=1.000) RuntimeGrid:None EditorOnly:0 RuntimeOnly:0 HLODRelevant:1 ListedInSceneOutliner:1 IsMainWorldOnly:0
 |   |   |- Guid:C22CE07C4B87D685137FDBBC10FC92C6 BaseClass: NativeClass:/Script/Engine.SkyAtmosphere Name:SkyAtmosphere_0 Label:SkyAtmosphere SpatiallyLoaded:0 Bounds:IsValid=true, Min=(X=0.000 Y=0.000 Z=1020.000), Max=(X=0.000 Y=0.000 Z=1020.000) RuntimeGrid:None EditorOnly:0 RuntimeOnly:0 HLODRelevant:0 ListedInSceneOutliner:1 IsMainWorldOnly:0 FolderPath:Lighting FolderGuid:0BA5F0A04EADB18E70D5B180D08FA34B
 |   |   |- Guid:C509D9084D08509AE1F58688EB849DD2 BaseClass: NativeClass:/Script/Engine.StaticMeshActor Name:StaticMeshActor_UAID_E89C2591DE8C513102_1754033523 Label:Box13 SpatiallyLoaded:1 Bounds:IsValid=true, Min=(X=837.500 Y=1041.250 Z=351.250), Max=(X=1200.000 Y=1078.750 Z=388.750) RuntimeGrid:None EditorOnly:0 RuntimeOnly:0 HLODRelevant:1 ListedInSceneOutliner:1 IsMainWorldOnly:0
 |   |   |- Guid:CE8D82634660FCDB3120E2B8D547C533 BaseClass: NativeClass:/Script/Engine.PostProcessVolume Name:PostProcessVolume_0 Label:PostProcessVolume SpatiallyLoaded:0 Bounds:IsValid=true, Min=(X=0.000 Y=0.000 Z=400.000), Max=(X=200.000 Y=200.000 Z=600.000) RuntimeGrid:None EditorOnly:0 RuntimeOnly:0 HLODRelevant:0 ListedInSceneOutliner:1 IsMainWorldOnly:0 FolderPath:Lighting FolderGuid:0BA5F0A04EADB18E70D5B180D08FA34B
 |   |   |- Guid:D268DF73452ED96EBC2D1EA49C331701 BaseClass: NativeClass:/Script/Engine.StaticMeshActor Name:StaticMeshActor_UAID_E89C2591DE8C523102_1530065754 Label:Box19 SpatiallyLoaded:1 Bounds:IsValid=true, Min=(X=841.250 Y=1441.250 Z=0.000), Max=(X=878.750 Y=1478.750 Z=400.000) RuntimeGrid:None EditorOnly:0 RuntimeOnly:0 HLODRelevant:1 ListedInSceneOutliner:1 IsMainWorldOnly:0
 |   |   |- Guid:E1390C644C1524B2E91FD4B00E8E7D17 BaseClass: NativeClass:/Script/Engine.StaticMeshActor Name:StaticMeshActor_UAID_E89C2591DE8C503102_2049467324 Label:Box3 SpatiallyLoaded:1 Bounds:IsValid=true, Min=(X=819.500 Y=660.000 Z=0.000), Max=(X=820.500 Y=1060.000 Z=400.000) RuntimeGrid:None EditorOnly:0 RuntimeOnly:0 HLODRelevant:1 ListedInSceneOutliner:1 IsMainWorldOnly:0
 |   |   |- Guid:E5320C1B4FD9764CE7B54D8487AEC613 BaseClass: NativeClass:/Script/Engine.SkyLight Name:SkyLight_0 Label:SkyLight SpatiallyLoaded:0 Bounds:IsValid=true, Min=(X=0.000 Y=0.000 Z=690.000), Max=(X=0.000 Y=0.000 Z=690.000) RuntimeGrid:None EditorOnly:0 RuntimeOnly:0 HLODRelevant:0 ListedInSceneOutliner:1 IsMainWorldOnly:0 FolderPath:Lighting FolderGuid:0BA5F0A04EADB18E70D5B180D08FA34B
 |   |   |- Guid:F05D379F4D8D154BD0DD61B2A28FD209 BaseClass: NativeClass:/Script/Engine.StaticMeshActor Name:StaticMeshActor_UAID_E89C2591DE8C513102_1731134521 Label:Box11 SpatiallyLoaded:1 Bounds:IsValid=true, Min=(X=820.000 Y=662.500 Z=397.500), Max=(X=1220.000 Y=737.500 Z=402.500) RuntimeGrid:None EditorOnly:0 RuntimeOnly:0 HLODRelevant:1 ListedInSceneOutliner:1 IsMainWorldOnly:0
 |   |   |- Guid:F322270047A0C1FD75103BAADE76A8F0 BaseClass: NativeClass:/Script/GeometryFramework.DynamicMeshActor Name:DynamicMeshActor_UAID_E89C2591DE8C523102_1154779744 Label:Cylinder2 SpatiallyLoaded:1 Bounds:IsValid=true, Min=(X=1137.098 Y=1055.000 Z=167.500), Max=(X=1170.758 Y=1065.000 Z=215.801) RuntimeGrid:None EditorOnly:0 RuntimeOnly:0 HLODRelevant:0 ListedInSceneOutliner:1 IsMainWorldOnly:0
 |   |   |- Guid:F80621C9446867154938FE81375207DA BaseClass: NativeClass:/Script/Engine.DirectionalLight Name:DirectionalLight_1 Label:DirectionalLight SpatiallyLoaded:0 Bounds:Invalid RuntimeGrid:None EditorOnly:0 RuntimeOnly:0 HLODRelevant:0 ListedInSceneOutliner:1 IsMainWorldOnly:0 FolderPath:Lighting FolderGuid:0BA5F0A04EADB18E70D5B180D08FA34B
 |   |   |- Guid:FFB4E63F4605B73BE826C6A272DF2AFC BaseClass: NativeClass:/Script/GeometryFramework.DynamicMeshActor Name:DynamicMeshActor_UAID_E89C2591DE8C513102_1904800525 Label:Box5 SpatiallyLoaded:1 Bounds:IsValid=true, Min=(X=1212.500 Y=842.500 Z=115.000), Max=(X=1220.000 Y=877.500 Z=165.000) RuntimeGrid:None EditorOnly:0 RuntimeOnly:0 HLODRelevant:0 ListedInSceneOutliner:1 IsMainWorldOnly:0
 |   |- [+] Clusters:
 |   |   |- [+] [  0]
 |   |   |   |- Guid:05E2387C41BA088BA9A4338B481E7107 BaseClass: NativeClass:/Script/Engine.StaticMeshActor Name:StaticMeshActor_UAID_E89C2591DE8C523102_1530060751 Label:Box16 SpatiallyLoaded:1 Bounds:IsValid=true, Min=(X=819.500 Y=1060.000 Z=0.000), Max=(X=820.500 Y=1460.000 Z=400.000) RuntimeGrid:None EditorOnly:0 RuntimeOnly:0 HLODRelevant:1 ListedInSceneOutliner:1 IsMainWorldOnly:0
 |   |   |- [+] [  1]
 |   |   |   |- Guid:0B414F3545D5AB0D61955390D0F154E3 BaseClass: NativeClass:/Script/Engine.StaticMeshActor Name:StaticMeshActor_UAID_E89C2591DE8C523102_1530069757 Label:Box22 SpatiallyLoaded:1 Bounds:IsValid=true, Min=(X=820.000 Y=1382.500 Z=397.500), Max=(X=1220.000 Y=1457.500 Z=402.500) RuntimeGrid:None EditorOnly:0 RuntimeOnly:0 HLODRelevant:1 ListedInSceneOutliner:1 IsMainWorldOnly:0
 |   |   |- [+] [  2]
 |   |   |   |- Guid:0F179A604BEDDF21B638839A7BD823C6 BaseClass: NativeClass:/Script/Engine.PointLight Name:PointLight_UAID_E89C2591DE8C513102_2078026527 Label:PointLight SpatiallyLoaded:1 Bounds:IsValid=true, Min=(X=134.417 Y=59.312 Z=-777.591), Max=(X=2134.417 Y=2059.312 Z=1222.409) RuntimeGrid:None EditorOnly:0 RuntimeOnly:0 HLODRelevant:0 ListedInSceneOutliner:1 IsMainWorldOnly:0
 |   |   |- [+] [  3]
 |   |   |   |- Guid:1D0FD4DA4DF0A2A37C00449ACD8F3E9C BaseClass: NativeClass:/Script/Engine.StaticMeshActor Name:StaticMeshActor_UAID_E89C2591DE8C503102_2052636325 Label:Box4 SpatiallyLoaded:1 Bounds:IsValid=true, Min=(X=820.000 Y=660.000 Z=400.000), Max=(X=1220.000 Y=1060.000 Z=401.000) RuntimeGrid:None EditorOnly:0 RuntimeOnly:0 HLODRelevant:1 ListedInSceneOutliner:1 IsMainWorldOnly:0
 |   |   |- [+] [  4]
 |   |   |   |- Guid:21EA28C2475C5662825826A33ABC9C09 BaseClass: NativeClass:/Script/Engine.StaticMeshActor Name:StaticMeshActor_UAID_E89C2591DE8C523102_1530071759 Label:Box24 SpatiallyLoaded:1 Bounds:IsValid=true, Min=(X=820.000 Y=1142.500 Z=397.500), Max=(X=1220.000 Y=1217.500 Z=402.500) RuntimeGrid:None EditorOnly:0 RuntimeOnly:0 HLODRelevant:1 ListedInSceneOutliner:1 IsMainWorldOnly:0
 |   |   |- [+] [  5]
 |   |   |   |- Guid:32BF5D23441251BAB7B8FD82965CB1D8 BaseClass: NativeClass:/Script/Engine.StaticMeshActor Name:StaticMeshActor_UAID_E89C2591DE8C513102_1699002519 Label:Box7 SpatiallyLoaded:1 Bounds:IsValid=true, Min=(X=820.000 Y=902.500 Z=397.500), Max=(X=1220.000 Y=977.500 Z=402.500) RuntimeGrid:None EditorOnly:0 RuntimeOnly:0 HLODRelevant:1 ListedInSceneOutliner:1 IsMainWorldOnly:0
 |   |   |- [+] [  6]
 |   |   |   |- Guid:361C6D8A4B90FBAA00067CA4D06928CE BaseClass: NativeClass:/Script/Engine.PointLight Name:PointLight_UAID_E89C2591DE8C523102_1530077763 Label:PointLight4 SpatiallyLoaded:1 Bounds:IsValid=true, Min=(X=-97.385 Y=460.688 Z=-777.591), Max=(X=1902.615 Y=2460.688 Z=1222.409) RuntimeGrid:None EditorOnly:0 RuntimeOnly:0 HLODRelevant:0 ListedInSceneOutliner:1 IsMainWorldOnly:0
 |   |   |- [+] [  7]
 |   |   |   |- Guid:3BC54F4A41759A326901DB9F6D9938BF BaseClass: NativeClass:/Script/Engine.StaticMeshActor Name:StaticMeshActor_UAID_E89C2591DE8C513102_1102452508 Label:Box9 SpatiallyLoaded:1 Bounds:IsValid=true, Min=(X=1161.250 Y=1041.250 Z=0.000), Max=(X=1198.750 Y=1078.750 Z=400.000) RuntimeGrid:None EditorOnly:0 RuntimeOnly:0 HLODRelevant:1 ListedInSceneOutliner:1 IsMainWorldOnly:0
 |   |   |- [+] [  8]
 |   |   |   |- Guid:46A4916343A00BE0E0549AB51F32BBA7 BaseClass: NativeClass:/Script/Engine.StaticMeshActor Name:StaticMeshActor_UAID_E89C2591DE8C523102_1530062752 Label:Box17 SpatiallyLoaded:1 Bounds:IsValid=true, Min=(X=820.000 Y=1060.000 Z=400.000), Max=(X=1220.000 Y=1460.000 Z=401.000) RuntimeGrid:None EditorOnly:0 RuntimeOnly:0 HLODRelevant:1 ListedInSceneOutliner:1 IsMainWorldOnly:0
 |   |   |- [+] [  9]
 |   |   |   |- Guid:4C2885484420B85E755474A456540492 BaseClass: NativeClass:/Script/Engine.StaticMeshActor Name:StaticMeshActor_UAID_E89C2591DE8C523102_1530066755 Label:Box20 SpatiallyLoaded:1 Bounds:IsValid=true, Min=(X=820.000 Y=1222.500 Z=397.500), Max=(X=1220.000 Y=1297.500 Z=402.500) RuntimeGrid:None EditorOnly:0 RuntimeOnly:0 HLODRelevant:1 ListedInSceneOutliner:1 IsMainWorldOnly:0
 |   |   |- [+] [ 10]
 |   |   |   |- Guid:503301344EDD2580C9B8269BA1FF0C83 BaseClass: NativeClass:/Script/Engine.StaticMeshActor Name:StaticMeshActor_29 Label:SM_ChamferCube4 SpatiallyLoaded:1 Bounds:IsValid=true, Min=(X=334.338 Y=334.338 Z=0.063), Max=(X=545.662 Y=545.662 Z=150.063) RuntimeGrid:None EditorOnly:0 RuntimeOnly:0 HLODRelevant:0 ListedInSceneOutliner:1 IsMainWorldOnly:0 FolderPath:SimulatedCubes FolderGuid:9AEEADCB4DC6C647D6E7C0B4EDA1744F
 |   |   |- [+] [ 11]
 |   |   |   |- Guid:571DE1AB4FA974026EDFEA805C92E951 BaseClass: NativeClass:/Script/Engine.StaticMeshActor Name:StaticMeshActor_UAID_E89C2591DE8C513102_1278458510 Label:Box10 SpatiallyLoaded:1 Bounds:IsValid=true, Min=(X=841.250 Y=1041.250 Z=0.000), Max=(X=878.750 Y=1078.750 Z=400.000) RuntimeGrid:None EditorOnly:0 RuntimeOnly:0 HLODRelevant:1 ListedInSceneOutliner:1 IsMainWorldOnly:0
 |   |   |- [+] [ 12]
 |   |   |   |- Guid:5841E09E45C00768F237FEB5DEACBF94 BaseClass: NativeClass:/Script/Engine.PointLight Name:PointLight_UAID_E89C2591DE8C523102_1530074761 Label:PointLight3 SpatiallyLoaded:1 Bounds:IsValid=true, Min=(X=134.417 Y=459.312 Z=-777.591), Max=(X=2134.417 Y=2459.312 Z=1222.409) RuntimeGrid:None EditorOnly:0 RuntimeOnly:0 HLODRelevant:0 ListedInSceneOutliner:1 IsMainWorldOnly:0
 |   |   |- [+] [ 13]
 |   |   |   |- Guid:5FE7584649BB6F09265329A6C57CFD0D BaseClass: NativeClass:/Script/Engine.VolumetricCloud Name:VolumetricCloud_0 Label:VolumetricCloud SpatiallyLoaded:0 Bounds:IsValid=true, Min=(X=0.000 Y=0.000 Z=820.000), Max=(X=0.000 Y=0.000 Z=820.000) RuntimeGrid:None EditorOnly:0 RuntimeOnly:0 HLODRelevant:0 ListedInSceneOutliner:1 IsMainWorldOnly:0 FolderPath:Lighting FolderGuid:0BA5F0A04EADB18E70D5B180D08FA34B
 |   |   |- [+] [ 14]
 |   |   |   |- Guid:6024E9F642E31FC991ED6195A02592B4 BaseClass: NativeClass:/Script/Engine.StaticMeshActor Name:StaticMeshActor_UAID_E89C2591DE8C513102_1724697520 Label:Box8 SpatiallyLoaded:1 Bounds:IsValid=true, Min=(X=820.000 Y=982.500 Z=397.500), Max=(X=1220.000 Y=1057.500 Z=402.500) RuntimeGrid:None EditorOnly:0 RuntimeOnly:0 HLODRelevant:1 ListedInSceneOutliner:1 IsMainWorldOnly:0
 |   |   |- [+] [ 15]
 |   |   |   |- Guid:61391D344900612A77DFC3BA3E354907 BaseClass: NativeClass:/Script/Engine.ExponentialHeightFog Name:ExponentialHeightFog_0 Label:ExponentialHeightFog SpatiallyLoaded:0 Bounds:IsValid=true, Min=(X=-5600.000 Y=-50.000 Z=-6850.000), Max=(X=-5600.000 Y=-50.000 Z=-6850.000) RuntimeGrid:None EditorOnly:0 RuntimeOnly:0 HLODRelevant:0 ListedInSceneOutliner:1 IsMainWorldOnly:0 FolderPath:Lighting FolderGuid:0BA5F0A04EADB18E70D5B180D08FA34B
 |   |   |- [+] [ 16]
 |   |   |   |- Guid:62DCE8754032DA8AD0E6E6899D98D86E BaseClass: NativeClass:/Script/Engine.StaticMeshActor Name:StaticMeshActor_UAID_E89C2591DE8C523102_1530070758 Label:Box23 SpatiallyLoaded:1 Bounds:IsValid=true, Min=(X=820.000 Y=1062.500 Z=397.500), Max=(X=1220.000 Y=1137.500 Z=402.500) RuntimeGrid:None EditorOnly:0 RuntimeOnly:0 HLODRelevant:1 ListedInSceneOutliner:1 IsMainWorldOnly:0
 |   |   |- [+] [ 17]
 |   |   |   |- Guid:6BA36B324543EFF24A54B5B3F1B0EE59 BaseClass: NativeClass:/Script/Engine.PointLight Name:PointLight_UAID_E89C2591DE8C523102_1212618745 Label:PointLight2 SpatiallyLoaded:1 Bounds:IsValid=true, Min=(X=-97.385 Y=60.688 Z=-777.591), Max=(X=1902.615 Y=2060.688 Z=1222.409) RuntimeGrid:None EditorOnly:0 RuntimeOnly:0 HLODRelevant:0 ListedInSceneOutliner:1 IsMainWorldOnly:0
 |   |   |- [+] [ 18]
 |   |   |   |- Guid:6D0B8E4941A3134DB35190B95AA31615 BaseClass: NativeClass:/Script/GeometryFramework.DynamicMeshActor Name:DynamicMeshActor_UAID_E89C2591DE8C513102_1958802526 Label:Cylinder SpatiallyLoaded:1 Bounds:IsValid=true, Min=(X=1180.458 Y=855.000 Z=136.786), Max=(X=1220.258 Y=865.000 Z=181.516) RuntimeGrid:None EditorOnly:0 RuntimeOnly:0 HLODRelevant:0 ListedInSceneOutliner:1 IsMainWorldOnly:0
 |   |   |- [+] [ 19]
 |   |   |   |- Guid:6FEFB3BD4EB37B849EF0D4AC80F83855 BaseClass: NativeClass:/Script/Engine.WorldDataLayers Name:WorldDataLayers Label:WorldDataLayers SpatiallyLoaded:0 Bounds:IsValid=true, Min=(X=0.000 Y=0.000 Z=0.000), Max=(X=0.000 Y=0.000 Z=0.000) RuntimeGrid:None EditorOnly:0 RuntimeOnly:0 HLODRelevant:0 ListedInSceneOutliner:1 IsMainWorldOnly:1
 |   |   |- [+] [ 20]
 |   |   |   |- Guid:7375522A47F656D3A32947BE30618FA6 BaseClass: NativeClass:/Script/Engine.StaticMeshActor Name:StaticMeshActor_UAID_E89C2591DE8C503102_1835259321 Label:Box2 SpatiallyLoaded:1 Bounds:IsValid=true, Min=(X=820.000 Y=660.000 Z=0.000), Max=(X=1220.000 Y=1060.000 Z=1.000) RuntimeGrid:None EditorOnly:0 RuntimeOnly:0 HLODRelevant:1 ListedInSceneOutliner:1 IsMainWorldOnly:0
 |   |   |- [+] [ 21]
 |   |   |   |- Guid:78CAF7514C7533F30BD2F19A017AAB65 BaseClass: NativeClass:/Script/Engine.StaticMeshActor Name:StaticMeshActor_0 Label:SM_Cube SpatiallyLoaded:1 Bounds:IsValid=true, Min=(X=0.000 Y=0.000 Z=-50.000), Max=(X=3000.000 Y=3500.000 Z=0.000) RuntimeGrid:None EditorOnly:0 RuntimeOnly:0 HLODRelevant:1 ListedInSceneOutliner:1 IsMainWorldOnly:0 FolderPath:Playground FolderGuid:6C02BB504B69D1F3D7A624B130C18E5B
 |   |   |- [+] [ 22]
 |   |   |   |- Guid:7A6F17E547A29676D2DF49A7B51D768E BaseClass: NativeClass:/Script/Engine.StaticMeshActor Name:StaticMeshActor_UAID_E89C2591DE8C523102_1530067756 Label:Box21 SpatiallyLoaded:1 Bounds:IsValid=true, Min=(X=820.000 Y=1302.500 Z=397.500), Max=(X=1220.000 Y=1377.500 Z=402.500) RuntimeGrid:None EditorOnly:0 RuntimeOnly:0 HLODRelevant:1 ListedInSceneOutliner:1 IsMainWorldOnly:0
 |   |   |- [+] [ 23]
 |   |   |   |- Guid:835A756445FD6F9560E1D6AD7C3657B4 BaseClass: NativeClass:/Script/Engine.StaticMeshActor Name:StaticMeshActor_UAID_E89C2591DE8C523102_1530059750 Label:Box15 SpatiallyLoaded:1 Bounds:IsValid=true, Min=(X=1219.500 Y=1060.000 Z=0.000), Max=(X=1220.500 Y=1460.000 Z=400.000) RuntimeGrid:None EditorOnly:0 RuntimeOnly:0 HLODRelevant:1 ListedInSceneOutliner:1 IsMainWorldOnly:0
 |   |   |- [+] [ 24]
 |   |   |   |- Guid:8681B40B465520BD18B0B3A61E596688 BaseClass: NativeClass:/Script/Engine.StaticMeshActor Name:StaticMeshActor_UAID_E89C2591DE8C523102_1530063753 Label:Box18 SpatiallyLoaded:1 Bounds:IsValid=true, Min=(X=1161.250 Y=1441.250 Z=0.000), Max=(X=1198.750 Y=1478.750 Z=400.000) RuntimeGrid:None EditorOnly:0 RuntimeOnly:0 HLODRelevant:1 ListedInSceneOutliner:1 IsMainWorldOnly:0
 |   |   |- [+] [ 25]
 |   |   |   |- Guid:8B44C2264DADD3E7D49EBAB237B6CAC4 BaseClass: NativeClass:/Script/GeometryFramework.DynamicMeshActor Name:DynamicMeshActor_UAID_E89C2591DE8C523102_1530078764 Label:Cylinder5 SpatiallyLoaded:1 Bounds:IsValid=true, Min=(X=866.274 Y=1455.000 Z=167.500), Max=(X=899.934 Y=1465.000 Z=215.801) RuntimeGrid:None EditorOnly:0 RuntimeOnly:0 HLODRelevant:0 ListedInSceneOutliner:1 IsMainWorldOnly:0
 |   |   |- [+] [ 26]
 |   |   |   |- Guid:8B7126384B82FF0203BBD88C7C2351D2 BaseClass: NativeClass:/Script/GeometryFramework.DynamicMeshActor Name:DynamicMeshActor_UAID_E89C2591DE8C523102_1212620746 Label:Cylinder3 SpatiallyLoaded:1 Bounds:IsValid=true, Min=(X=866.274 Y=1055.000 Z=167.500), Max=(X=899.934 Y=1065.000 Z=215.801) RuntimeGrid:None EditorOnly:0 RuntimeOnly:0 HLODRelevant:0 ListedInSceneOutliner:1 IsMainWorldOnly:0
 |   |   |- [+] [ 27]
 |   |   |   |- Guid:966C816A48087D4A9D6D7FAFC55BBC3D BaseClass: NativeClass:/Script/Engine.StaticMeshActor Name:StaticMeshActor_UAID_E89C2591DE8C503102_2043085323 Label:Box SpatiallyLoaded:1 Bounds:IsValid=true, Min=(X=1219.500 Y=660.000 Z=0.000), Max=(X=1220.500 Y=1060.000 Z=400.000) RuntimeGrid:None EditorOnly:0 RuntimeOnly:0 HLODRelevant:1 ListedInSceneOutliner:1 IsMainWorldOnly:0
 |   |   |- [+] [ 28]
 |   |   |   |- Guid:9DC26D5A46E0EA9275BBCF8DB95D5001 BaseClass: NativeClass:/Script/Engine.StaticMeshActor Name:StaticMeshActor_UAID_E89C2591DE8C523102_1530072760 Label:Box25 SpatiallyLoaded:1 Bounds:IsValid=true, Min=(X=837.500 Y=1441.250 Z=351.250), Max=(X=1200.000 Y=1478.750 Z=388.750) RuntimeGrid:None EditorOnly:0 RuntimeOnly:0 HLODRelevant:1 ListedInSceneOutliner:1 IsMainWorldOnly:0
 |   |   |- [+] [ 29]
 |   |   |   |- Guid:A354B1B24E617A525DC6B48CCDE2417E BaseClass: NativeClass:/Script/Engine.PlayerStart Name:PlayerStart_0 Label:PlayerStart SpatiallyLoaded:0 Bounds:IsValid=true, Min=(X=980.000 Y=810.000 Z=0.013), Max=(X=1060.000 Y=890.000 Z=184.013) RuntimeGrid:None EditorOnly:0 RuntimeOnly:0 HLODRelevant:0 ListedInSceneOutliner:1 IsMainWorldOnly:0
 |   |   |- [+] [ 30]
 |   |   |   |- Guid:A37903254DA5E5C6101748955F3ECE98 BaseClass: NativeClass:/Script/GeometryFramework.DynamicMeshActor Name:DynamicMeshActor_UAID_E89C2591DE8C523102_1530075762 Label:Cylinder4 SpatiallyLoaded:1 Bounds:IsValid=true, Min=(X=1137.098 Y=1455.000 Z=167.500), Max=(X=1170.758 Y=1465.000 Z=215.801) RuntimeGrid:None EditorOnly:0 RuntimeOnly:0 HLODRelevant:0 ListedInSceneOutliner:1 IsMainWorldOnly:0
 |   |   |- [+] [ 31]
 |   |   |   |- Guid:A52FAFB245684504DA7FDE9FFBFE7146 BaseClass: NativeClass:/Script/Engine.StaticMeshActor Name:StaticMeshActor_UAID_E89C2591DE8C513102_1514886512 Label:Box6 SpatiallyLoaded:1 Bounds:IsValid=true, Min=(X=820.000 Y=822.500 Z=397.500), Max=(X=1220.000 Y=897.500 Z=402.500) RuntimeGrid:None EditorOnly:0 RuntimeOnly:0 HLODRelevant:1 ListedInSceneOutliner:1 IsMainWorldOnly:0
 |   |   |- [+] [ 32]
 |   |   |   |- Guid:B9BEA1A04051BF237327BBA1688B967B BaseClass: NativeClass:/Script/Engine.StaticMeshActor Name:StaticMeshActor_UAID_E89C2591DE8C513102_1731136522 Label:Box12 SpatiallyLoaded:1 Bounds:IsValid=true, Min=(X=820.000 Y=742.500 Z=397.500), Max=(X=1220.000 Y=817.500 Z=402.500) RuntimeGrid:None EditorOnly:0 RuntimeOnly:0 HLODRelevant:1 ListedInSceneOutliner:1 IsMainWorldOnly:0
 |   |   |- [+] [ 33]
 |   |   |   |- Guid:C0C56B9644AE3D40CAFF6A878DB29844 BaseClass: NativeClass:/Script/Engine.StaticMeshActor Name:StaticMeshActor_UAID_A4AE111137DC5EFB00_2001720423 Label:SM_SkySphere SpatiallyLoaded:0 Bounds:IsValid=true, Min=(X=-1638400.000 Y=-1638400.000 Z=-1638400.000), Max=(X=1638400.000 Y=1638400.000 Z=1638400.000) RuntimeGrid:None EditorOnly:0 RuntimeOnly:0 HLODRelevant:1 ListedInSceneOutliner:1 IsMainWorldOnly:0 FolderPath:Lighting FolderGuid:0BA5F0A04EADB18E70D5B180D08FA34B
 |   |   |- [+] [ 34]
 |   |   |   |- Guid:C1688C094447563C6F3798867B3CB1B0 BaseClass: NativeClass:/Script/Engine.StaticMeshActor Name:StaticMeshActor_UAID_E89C2591DE8C523102_1530056748 Label:Box14 SpatiallyLoaded:1 Bounds:IsValid=true, Min=(X=820.000 Y=1060.000 Z=0.000), Max=(X=1220.000 Y=1460.000 Z=1.000) RuntimeGrid:None EditorOnly:0 RuntimeOnly:0 HLODRelevant:1 ListedInSceneOutliner:1 IsMainWorldOnly:0
 |   |   |- [+] [ 35]
 |   |   |   |- Guid:C22CE07C4B87D685137FDBBC10FC92C6 BaseClass: NativeClass:/Script/Engine.SkyAtmosphere Name:SkyAtmosphere_0 Label:SkyAtmosphere SpatiallyLoaded:0 Bounds:IsValid=true, Min=(X=0.000 Y=0.000 Z=1020.000), Max=(X=0.000 Y=0.000 Z=1020.000) RuntimeGrid:None EditorOnly:0 RuntimeOnly:0 HLODRelevant:0 ListedInSceneOutliner:1 IsMainWorldOnly:0 FolderPath:Lighting FolderGuid:0BA5F0A04EADB18E70D5B180D08FA34B
 |   |   |- [+] [ 36]
 |   |   |   |- Guid:C509D9084D08509AE1F58688EB849DD2 BaseClass: NativeClass:/Script/Engine.StaticMeshActor Name:StaticMeshActor_UAID_E89C2591DE8C513102_1754033523 Label:Box13 SpatiallyLoaded:1 Bounds:IsValid=true, Min=(X=837.500 Y=1041.250 Z=351.250), Max=(X=1200.000 Y=1078.750 Z=388.750) RuntimeGrid:None EditorOnly:0 RuntimeOnly:0 HLODRelevant:1 ListedInSceneOutliner:1 IsMainWorldOnly:0
 |   |   |- [+] [ 37]
 |   |   |   |- Guid:CE8D82634660FCDB3120E2B8D547C533 BaseClass: NativeClass:/Script/Engine.PostProcessVolume Name:PostProcessVolume_0 Label:PostProcessVolume SpatiallyLoaded:0 Bounds:IsValid=true, Min=(X=0.000 Y=0.000 Z=400.000), Max=(X=200.000 Y=200.000 Z=600.000) RuntimeGrid:None EditorOnly:0 RuntimeOnly:0 HLODRelevant:0 ListedInSceneOutliner:1 IsMainWorldOnly:0 FolderPath:Lighting FolderGuid:0BA5F0A04EADB18E70D5B180D08FA34B
 |   |   |- [+] [ 38]
 |   |   |   |- Guid:D268DF73452ED96EBC2D1EA49C331701 BaseClass: NativeClass:/Script/Engine.StaticMeshActor Name:StaticMeshActor_UAID_E89C2591DE8C523102_1530065754 Label:Box19 SpatiallyLoaded:1 Bounds:IsValid=true, Min=(X=841.250 Y=1441.250 Z=0.000), Max=(X=878.750 Y=1478.750 Z=400.000) RuntimeGrid:None EditorOnly:0 RuntimeOnly:0 HLODRelevant:1 ListedInSceneOutliner:1 IsMainWorldOnly:0
 |   |   |- [+] [ 39]
 |   |   |   |- Guid:E1390C644C1524B2E91FD4B00E8E7D17 BaseClass: NativeClass:/Script/Engine.StaticMeshActor Name:StaticMeshActor_UAID_E89C2591DE8C503102_2049467324 Label:Box3 SpatiallyLoaded:1 Bounds:IsValid=true, Min=(X=819.500 Y=660.000 Z=0.000), Max=(X=820.500 Y=1060.000 Z=400.000) RuntimeGrid:None EditorOnly:0 RuntimeOnly:0 HLODRelevant:1 ListedInSceneOutliner:1 IsMainWorldOnly:0
 |   |   |- [+] [ 40]
 |   |   |   |- Guid:E5320C1B4FD9764CE7B54D8487AEC613 BaseClass: NativeClass:/Script/Engine.SkyLight Name:SkyLight_0 Label:SkyLight SpatiallyLoaded:0 Bounds:IsValid=true, Min=(X=0.000 Y=0.000 Z=690.000), Max=(X=0.000 Y=0.000 Z=690.000) RuntimeGrid:None EditorOnly:0 RuntimeOnly:0 HLODRelevant:0 ListedInSceneOutliner:1 IsMainWorldOnly:0 FolderPath:Lighting FolderGuid:0BA5F0A04EADB18E70D5B180D08FA34B
 |   |   |- [+] [ 41]
 |   |   |   |- Guid:F05D379F4D8D154BD0DD61B2A28FD209 BaseClass: NativeClass:/Script/Engine.StaticMeshActor Name:StaticMeshActor_UAID_E89C2591DE8C513102_1731134521 Label:Box11 SpatiallyLoaded:1 Bounds:IsValid=true, Min=(X=820.000 Y=662.500 Z=397.500), Max=(X=1220.000 Y=737.500 Z=402.500) RuntimeGrid:None EditorOnly:0 RuntimeOnly:0 HLODRelevant:1 ListedInSceneOutliner:1 IsMainWorldOnly:0
 |   |   |- [+] [ 42]
 |   |   |   |- Guid:F322270047A0C1FD75103BAADE76A8F0 BaseClass: NativeClass:/Script/GeometryFramework.DynamicMeshActor Name:DynamicMeshActor_UAID_E89C2591DE8C523102_1154779744 Label:Cylinder2 SpatiallyLoaded:1 Bounds:IsValid=true, Min=(X=1137.098 Y=1055.000 Z=167.500), Max=(X=1170.758 Y=1065.000 Z=215.801) RuntimeGrid:None EditorOnly:0 RuntimeOnly:0 HLODRelevant:0 ListedInSceneOutliner:1 IsMainWorldOnly:0
 |   |   |- [+] [ 43]
 |   |   |   |- Guid:F80621C9446867154938FE81375207DA BaseClass: NativeClass:/Script/Engine.DirectionalLight Name:DirectionalLight_1 Label:DirectionalLight SpatiallyLoaded:0 Bounds:Invalid RuntimeGrid:None EditorOnly:0 RuntimeOnly:0 HLODRelevant:0 ListedInSceneOutliner:1 IsMainWorldOnly:0 FolderPath:Lighting FolderGuid:0BA5F0A04EADB18E70D5B180D08FA34B
 |   |   |- [+] [ 44]
 |   |   |   |- Guid:FFB4E63F4605B73BE826C6A272DF2AFC BaseClass: NativeClass:/Script/GeometryFramework.DynamicMeshActor Name:DynamicMeshActor_UAID_E89C2591DE8C513102_1904800525 Label:Box5 SpatiallyLoaded:1 Bounds:IsValid=true, Min=(X=1212.500 Y=842.500 Z=115.000), Max=(X=1220.000 Y=877.500 Z=165.000) RuntimeGrid:None EditorOnly:0 RuntimeOnly:0 HLODRelevant:0 ListedInSceneOutliner:1 IsMainWorldOnly:0
 |- ContainerInstances:
 |- [+] MainContainer:
 |   |-        ID: 00000000000000000000000000000000
 |   |-  ParentID: 00000000000000000000000000000000
 |   |-    Bounds: IsValid=false, Min=(X=0.000 Y=0.000 Z=0.000), Max=(X=0.000 Y=0.000 Z=0.000)
 |   |- Transform: 0.000000,0.000000,0.000000|0.000000,0.000000,-0.000000|1.000000,1.000000,1.000000
 |   |- Container: /Game/FirstPerson/Maps/FirstPersonMap
----------------------------------------------------------------------------------------------------------------
FirstPersonMap - Persistent Level
----------------------------------------------------------------------------------------------------------------
[+] Content of FirstPersonMap Persistent Level
 |- Always loaded Actor Count: 44 
 |- Actor Path: /Game/FirstPerson/Maps/FirstPersonMap.FirstPersonMap:PersistentLevel.DirectionalLight_1
 |- Actor Package: /Game/__ExternalActors__/FirstPerson/Maps/FirstPersonMap/0/WB/V4ALNTJYOVWM8BU452CKV5
 |- Actor Path: /Game/FirstPerson/Maps/FirstPersonMap.FirstPersonMap:PersistentLevel.DynamicMeshActor_UAID_E89C2591DE8C513102_1904800525
 |- Actor Package: /Game/__ExternalActors__/FirstPerson/Maps/FirstPersonMap/6/2U/8ZDMWILABRKBTMP1AY1XKZ
 |- Actor Path: /Game/FirstPerson/Maps/FirstPersonMap.FirstPersonMap:PersistentLevel.DynamicMeshActor_UAID_E89C2591DE8C513102_1958802526
 |- Actor Package: /Game/__ExternalActors__/FirstPerson/Maps/FirstPersonMap/E/ZZ/PJAU04SUNKXIW37XEM4PSG
 |- Actor Path: /Game/FirstPerson/Maps/FirstPersonMap.FirstPersonMap:PersistentLevel.DynamicMeshActor_UAID_E89C2591DE8C523102_1154779744
 |- Actor Package: /Game/__ExternalActors__/FirstPerson/Maps/FirstPersonMap/7/Y7/1RTJMZO2IZI6ENF17DPSPE
 |- Actor Path: /Game/FirstPerson/Maps/FirstPersonMap.FirstPersonMap:PersistentLevel.DynamicMeshActor_UAID_E89C2591DE8C523102_1212620746
 |- Actor Package: /Game/__ExternalActors__/FirstPerson/Maps/FirstPersonMap/D/18/34ADKC32Y8P4HNW3534XVG
 |- Actor Path: /Game/FirstPerson/Maps/FirstPersonMap.FirstPersonMap:PersistentLevel.DynamicMeshActor_UAID_E89C2591DE8C523102_1530075762
 |- Actor Package: /Game/__ExternalActors__/FirstPerson/Maps/FirstPersonMap/2/NK/SI9V4SH3NFVZIOH2RWLXF3
 |- Actor Path: /Game/FirstPerson/Maps/FirstPersonMap.FirstPersonMap:PersistentLevel.DynamicMeshActor_UAID_E89C2591DE8C523102_1530078764
 |- Actor Package: /Game/__ExternalActors__/FirstPerson/Maps/FirstPersonMap/0/60/7E5IWQSZX8PIE4OQ0T043D
 |- Actor Path: /Game/FirstPerson/Maps/FirstPersonMap.FirstPersonMap:PersistentLevel.ExponentialHeightFog_0
 |- Actor Package: /Game/__ExternalActors__/FirstPerson/Maps/FirstPersonMap/0/CL/381LM03PFI8AF9NED1SEV2
 |- Actor Path: /Game/FirstPerson/Maps/FirstPersonMap.FirstPersonMap:PersistentLevel.PlayerStart_0
 |- Actor Package: /Game/__ExternalActors__/FirstPerson/Maps/FirstPersonMap/8/Z7/W1SXRCM1KAKBJOIZDLHZ47
 |- Actor Path: /Game/FirstPerson/Maps/FirstPersonMap.FirstPersonMap:PersistentLevel.PointLight_UAID_E89C2591DE8C513102_2078026527
 |- Actor Package: /Game/__ExternalActors__/FirstPerson/Maps/FirstPersonMap/1/Z9/TY4UCKOSWVHMYVVCG49QEN
 |- Actor Path: /Game/FirstPerson/Maps/FirstPersonMap.FirstPersonMap:PersistentLevel.PointLight_UAID_E89C2591DE8C523102_1212618745
 |- Actor Package: /Game/__ExternalActors__/FirstPerson/Maps/FirstPersonMap/E/8K/U6G60CY20KHEXXZKO2UY43
 |- Actor Path: /Game/FirstPerson/Maps/FirstPersonMap.FirstPersonMap:PersistentLevel.PointLight_UAID_E89C2591DE8C523102_1530074761
 |- Actor Package: /Game/__ExternalActors__/FirstPerson/Maps/FirstPersonMap/7/6H/8FPMICUR3IK2EVJU8TVK17
 |- Actor Path: /Game/FirstPerson/Maps/FirstPersonMap.FirstPersonMap:PersistentLevel.PointLight_UAID_E89C2591DE8C523102_1530077763
 |- Actor Package: /Game/__ExternalActors__/FirstPerson/Maps/FirstPersonMap/3/6L/38R46HTW3GJBD24CYZKE51
 |- Actor Path: /Game/FirstPerson/Maps/FirstPersonMap.FirstPersonMap:PersistentLevel.PostProcessVolume_0
 |- Actor Package: /Game/__ExternalActors__/FirstPerson/Maps/FirstPersonMap/E/MX/R1GV431P5FDO08OFULRA01
 |- Actor Path: /Game/FirstPerson/Maps/FirstPersonMap.FirstPersonMap:PersistentLevel.SkyAtmosphere_0
 |- Actor Package: /Game/__ExternalActors__/FirstPerson/Maps/FirstPersonMap/C/VO/VMN4G7K3NKKV6F8HTPHHDB
 |- Actor Path: /Game/FirstPerson/Maps/FirstPersonMap.FirstPersonMap:PersistentLevel.SkyLight_0
 |- Actor Package: /Game/__ExternalActors__/FirstPerson/Maps/FirstPersonMap/6/0Z/5RQIHCZ9W3UXRGL4LTLQAK
 |- Actor Path: /Game/FirstPerson/Maps/FirstPersonMap.FirstPersonMap:PersistentLevel.StaticMeshActor_0
 |- Actor Package: /Game/__ExternalActors__/FirstPerson/Maps/FirstPersonMap/7/L5/1ZJ54FMA0DAL3I2Q8RFAIB
 |- Actor Path: /Game/FirstPerson/Maps/FirstPersonMap.FirstPersonMap:PersistentLevel.StaticMeshActor_UAID_A4AE111137DC5EFB00_2001720423
 |- Actor Package: /Game/__ExternalActors__/FirstPerson/Maps/FirstPersonMap/C/ZU/PDQ0AB8RLNMVID876FD49G
 |- Actor Path: /Game/FirstPerson/Maps/FirstPersonMap.FirstPersonMap:PersistentLevel.StaticMeshActor_UAID_E89C2591DE8C503102_1835259321
 |- Actor Package: /Game/__ExternalActors__/FirstPerson/Maps/FirstPersonMap/3/HW/4PVMD8801C8ZHXM0AT4PG2
 |- Actor Path: /Game/FirstPerson/Maps/FirstPersonMap.FirstPersonMap:PersistentLevel.StaticMeshActor_UAID_E89C2591DE8C503102_2043085323
 |- Actor Package: /Game/__ExternalActors__/FirstPerson/Maps/FirstPersonMap/9/8Z/ULXFD1PWD544QU0H076IRS
 |- Actor Path: /Game/FirstPerson/Maps/FirstPersonMap.FirstPersonMap:PersistentLevel.StaticMeshActor_UAID_E89C2591DE8C503102_2049467324
 |- Actor Package: /Game/__ExternalActors__/FirstPerson/Maps/FirstPersonMap/2/DB/76U33D101FHT1Q78ULFT9I
 |- Actor Path: /Game/FirstPerson/Maps/FirstPersonMap.FirstPersonMap:PersistentLevel.StaticMeshActor_UAID_E89C2591DE8C503102_2052636325
 |- Actor Package: /Game/__ExternalActors__/FirstPerson/Maps/FirstPersonMap/4/9O/GIP37F9QTL7AG4CSUNSDFW
 |- Actor Path: /Game/FirstPerson/Maps/FirstPersonMap.FirstPersonMap:PersistentLevel.StaticMeshActor_UAID_E89C2591DE8C513102_1102452508
 |- Actor Package: /Game/__ExternalActors__/FirstPerson/Maps/FirstPersonMap/6/85/TSUOB6PRCY6BG4NGX0YOK6
 |- Actor Path: /Game/FirstPerson/Maps/FirstPersonMap.FirstPersonMap:PersistentLevel.StaticMeshActor_UAID_E89C2591DE8C513102_1278458510
 |- Actor Package: /Game/__ExternalActors__/FirstPerson/Maps/FirstPersonMap/9/1B/FDFR18FNDF11R1RMTY4604
 |- Actor Path: /Game/FirstPerson/Maps/FirstPersonMap.FirstPersonMap:PersistentLevel.StaticMeshActor_UAID_E89C2591DE8C513102_1514886512
 |- Actor Package: /Game/__ExternalActors__/FirstPerson/Maps/FirstPersonMap/7/JK/BEHIPYB9VM48B9NZPYU01Z
 |- Actor Path: /Game/FirstPerson/Maps/FirstPersonMap.FirstPersonMap:PersistentLevel.StaticMeshActor_UAID_E89C2591DE8C513102_1699002519
 |- Actor Package: /Game/__ExternalActors__/FirstPerson/Maps/FirstPersonMap/7/4U/QAEWVK29MMBB7AWTH4X36J
 |- Actor Path: /Game/FirstPerson/Maps/FirstPersonMap.FirstPersonMap:PersistentLevel.StaticMeshActor_UAID_E89C2591DE8C513102_1724697520
 |- Actor Package: /Game/__ExternalActors__/FirstPerson/Maps/FirstPersonMap/3/FK/K78UJJ0E79UA6L1ATCX4HN
 |- Actor Path: /Game/FirstPerson/Maps/FirstPersonMap.FirstPersonMap:PersistentLevel.StaticMeshActor_UAID_E89C2591DE8C513102_1731134521
 |- Actor Package: /Game/__ExternalActors__/FirstPerson/Maps/FirstPersonMap/9/XL/EWJ1FSDG842K2RYZUJZBDV
 |- Actor Path: /Game/FirstPerson/Maps/FirstPersonMap.FirstPersonMap:PersistentLevel.StaticMeshActor_UAID_E89C2591DE8C513102_1731136522
 |- Actor Package: /Game/__ExternalActors__/FirstPerson/Maps/FirstPersonMap/3/EE/SFEF9GYL8FMCZJ0JUL42U8
 |- Actor Path: /Game/FirstPerson/Maps/FirstPersonMap.FirstPersonMap:PersistentLevel.StaticMeshActor_UAID_E89C2591DE8C513102_1754033523
 |- Actor Package: /Game/__ExternalActors__/FirstPerson/Maps/FirstPersonMap/9/NV/FNNQLO36Q90Q5QJV6LLUDE
 |- Actor Path: /Game/FirstPerson/Maps/FirstPersonMap.FirstPersonMap:PersistentLevel.StaticMeshActor_UAID_E89C2591DE8C523102_1530056748
 |- Actor Package: /Game/__ExternalActors__/FirstPerson/Maps/FirstPersonMap/9/5Z/5CDJWDTRE7A1J9OZ19ZB9P
 |- Actor Path: /Game/FirstPerson/Maps/FirstPersonMap.FirstPersonMap:PersistentLevel.StaticMeshActor_UAID_E89C2591DE8C523102_1530059750
 |- Actor Package: /Game/__ExternalActors__/FirstPerson/Maps/FirstPersonMap/3/XQ/HNU3534YLZJ95S4N6DO37G
 |- Actor Path: /Game/FirstPerson/Maps/FirstPersonMap.FirstPersonMap:PersistentLevel.StaticMeshActor_UAID_E89C2591DE8C523102_1530060751
 |- Actor Package: /Game/__ExternalActors__/FirstPerson/Maps/FirstPersonMap/A/DB/O2J3E6064P9HJJOB68PZAK
 |- Actor Path: /Game/FirstPerson/Maps/FirstPersonMap.FirstPersonMap:PersistentLevel.StaticMeshActor_UAID_E89C2591DE8C523102_1530062752
 |- Actor Package: /Game/__ExternalActors__/FirstPerson/Maps/FirstPersonMap/8/YD/K21K91L3M4ZCIW3LKPBJOB
 |- Actor Path: /Game/FirstPerson/Maps/FirstPersonMap.FirstPersonMap:PersistentLevel.StaticMeshActor_UAID_E89C2591DE8C523102_1530063753
 |- Actor Package: /Game/__ExternalActors__/FirstPerson/Maps/FirstPersonMap/2/FN/PLMK6LSL0A2CJU3HF7V68Q
 |- Actor Path: /Game/FirstPerson/Maps/FirstPersonMap.FirstPersonMap:PersistentLevel.StaticMeshActor_UAID_E89C2591DE8C523102_1530065754
 |- Actor Package: /Game/__ExternalActors__/FirstPerson/Maps/FirstPersonMap/E/TW/N1VNJ31EFA4V0EBHKKCUO3
 |- Actor Path: /Game/FirstPerson/Maps/FirstPersonMap.FirstPersonMap:PersistentLevel.StaticMeshActor_UAID_E89C2591DE8C523102_1530066755
 |- Actor Package: /Game/__ExternalActors__/FirstPerson/Maps/FirstPersonMap/8/PB/TAUBMI30UXC8O8RQI2UZKG
 |- Actor Path: /Game/FirstPerson/Maps/FirstPersonMap.FirstPersonMap:PersistentLevel.StaticMeshActor_UAID_E89C2591DE8C523102_1530067756
 |- Actor Package: /Game/__ExternalActors__/FirstPerson/Maps/FirstPersonMap/8/9P/WH9UUNR1VOFFNJCZ3HDY6U
 |- Actor Path: /Game/FirstPerson/Maps/FirstPersonMap.FirstPersonMap:PersistentLevel.StaticMeshActor_UAID_E89C2591DE8C523102_1530069757
 |- Actor Package: /Game/__ExternalActors__/FirstPerson/Maps/FirstPersonMap/E/QY/QPGJM57LBPW0PRONZ3U2P1
 |- Actor Path: /Game/FirstPerson/Maps/FirstPersonMap.FirstPersonMap:PersistentLevel.StaticMeshActor_UAID_E89C2591DE8C523102_1530070758
 |- Actor Package: /Game/__ExternalActors__/FirstPerson/Maps/FirstPersonMap/2/8K/W688ZY0Y27R9U29FO7GHUC
 |- Actor Path: /Game/FirstPerson/Maps/FirstPersonMap.FirstPersonMap:PersistentLevel.StaticMeshActor_UAID_E89C2591DE8C523102_1530071759
 |- Actor Package: /Game/__ExternalActors__/FirstPerson/Maps/FirstPersonMap/3/4G/GAP9T7NF35MKBOEPYWTSS0
 |- Actor Path: /Game/FirstPerson/Maps/FirstPersonMap.FirstPersonMap:PersistentLevel.StaticMeshActor_UAID_E89C2591DE8C523102_1530072760
 |- Actor Package: /Game/__ExternalActors__/FirstPerson/Maps/FirstPersonMap/7/DD/FHM74LE6IMVAUFPTLCX7DG
 |- Actor Path: /Game/FirstPerson/Maps/FirstPersonMap.FirstPersonMap:PersistentLevel.VolumetricCloud_0
 |- Actor Package: /Game/__ExternalActors__/FirstPerson/Maps/FirstPersonMap/0/GO/I8WEFD3RY9V3NVQLSU6QM4
 |- Actor Path: /Game/FirstPerson/Maps/FirstPersonMap.FirstPersonMap:PersistentLevel.WorldDataLayers
 |- Actor Package: /Game/__ExternalActors__/FirstPerson/Maps/FirstPersonMap/D/0W/E1FKEGVKGOLM7HGLQPCIPO

----------------------------------------------------------------------------------------------------------------
FirstPersonMap - Runtime Hash Set
----------------------------------------------------------------------------------------------------------------

